nohup: ignoring input
[INFO] Scanning for projects...
[INFO] 
[INFO] -------------------< com.habitscanner:habitscanner >--------------------
[INFO] Building habitscanner 0.0.1-SNAPSHOT
[INFO]   from pom.xml
[INFO] --------------------------------[ jar ]---------------------------------
[INFO] 
[INFO] >>> spring-boot:3.2.0:run (default-cli) > test-compile @ habitscanner >>>
[INFO] 
[INFO] --- resources:3.3.1:resources (default-resources) @ habitscanner ---
[INFO] Copying 1 resource from src/main/resources to target/classes
[INFO] Copying 0 resource from src/main/resources to target/classes
[INFO] 
[INFO] --- compiler:3.11.0:compile (default-compile) @ habitscanner ---
[INFO] Nothing to compile - all classes are up to date
[INFO] 
[INFO] --- resources:3.3.1:testResources (default-testResources) @ habitscanner ---
[INFO] skip non existing resourceDirectory /home/ubuntu/habitscanner-app/backend/src/test/resources
[INFO] 
[INFO] --- compiler:3.11.0:testCompile (default-testCompile) @ habitscanner ---
[INFO] Nothing to compile - all classes are up to date
[INFO] 
[INFO] <<< spring-boot:3.2.0:run (default-cli) < test-compile @ habitscanner <<<
[INFO] 
[INFO] 
[INFO] --- spring-boot:3.2.0:run (default-cli) @ habitscanner ---
[INFO] Attaching agents: []

  .   ____          _            __ _ _
 /\\ / ___'_ __ _ _(_)_ __  __ _ \ \ \ \
( ( )\___ | '_ | '_| | '_ \/ _` | \ \ \ \
 \\/  ___)| |_)| | | | | || (_| |  ) ) ) )
  '  |____| .__|_| |_|_| |_\__, | / / / /
 =========|_|==============|___/=/_/_/_/
 :: Spring Boot ::                (v3.2.0)

2025-09-04T08:06:50.067-04:00  INFO 9422 --- [           main] c.h.h.HabitscannerApplication            : Starting HabitscannerApplication using Java 17.0.16 with PID 9422 (/home/ubuntu/habitscanner-app/backend/target/classes started by ubuntu in /home/ubuntu/habitscanner-app/backend)
2025-09-04T08:06:50.070-04:00 DEBUG 9422 --- [           main] c.h.h.HabitscannerApplication            : Running with Spring Boot v3.2.0, Spring v6.1.1
2025-09-04T08:06:50.071-04:00  INFO 9422 --- [           main] c.h.h.HabitscannerApplication            : No active profile set, falling back to 1 default profile: "default"
2025-09-04T08:06:50.597-04:00  INFO 9422 --- [           main] .s.d.r.c.RepositoryConfigurationDelegate : Bootstrapping Spring Data JPA repositories in DEFAULT mode.
2025-09-04T08:06:50.644-04:00  INFO 9422 --- [           main] .s.d.r.c.RepositoryConfigurationDelegate : Finished Spring Data repository scanning in 40 ms. Found 2 JPA repository interfaces.
2025-09-04T08:06:51.071-04:00  INFO 9422 --- [           main] o.s.b.w.embedded.tomcat.TomcatWebServer  : Tomcat initialized with port 8080 (http)
2025-09-04T08:06:51.080-04:00  INFO 9422 --- [           main] o.apache.catalina.core.StandardService   : Starting service [Tomcat]
2025-09-04T08:06:51.080-04:00  INFO 9422 --- [           main] o.apache.catalina.core.StandardEngine    : Starting Servlet engine: [Apache Tomcat/10.1.16]
2025-09-04T08:06:51.122-04:00  INFO 9422 --- [           main] o.a.c.c.C.[Tomcat].[localhost].[/]       : Initializing Spring embedded WebApplicationContext
2025-09-04T08:06:51.123-04:00  INFO 9422 --- [           main] w.s.c.ServletWebServerApplicationContext : Root WebApplicationContext: initialization completed in 1010 ms
2025-09-04T08:06:51.148-04:00  INFO 9422 --- [           main] com.zaxxer.hikari.HikariDataSource       : HikariPool-1 - Starting...
2025-09-04T08:06:51.309-04:00  INFO 9422 --- [           main] com.zaxxer.hikari.pool.HikariPool        : HikariPool-1 - Added connection conn0: url=jdbc:h2:mem:habitscanner user=SA
2025-09-04T08:06:51.311-04:00  INFO 9422 --- [           main] com.zaxxer.hikari.HikariDataSource       : HikariPool-1 - Start completed.
2025-09-04T08:06:51.321-04:00  INFO 9422 --- [           main] o.s.b.a.h2.H2ConsoleAutoConfiguration    : H2 console available at '/h2-console'. Database available at 'jdbc:h2:mem:habitscanner'
2025-09-04T08:06:51.367-04:00 DEBUG 9422 --- [           main] c.h.h.filter.TokenAuthenticationFilter   : Filter 'tokenAuthenticationFilter' configured for use
2025-09-04T08:06:51.423-04:00  INFO 9422 --- [           main] o.hibernate.jpa.internal.util.LogHelper  : HHH000204: Processing PersistenceUnitInfo [name: default]
2025-09-04T08:06:51.453-04:00  INFO 9422 --- [           main] org.hibernate.Version                    : HHH000412: Hibernate ORM core version 6.3.1.Final
2025-09-04T08:06:51.475-04:00  INFO 9422 --- [           main] o.h.c.internal.RegionFactoryInitiator    : HHH000026: Second-level cache disabled
2025-09-04T08:06:51.624-04:00  INFO 9422 --- [           main] o.s.o.j.p.SpringPersistenceUnitInfo      : No LoadTimeWeaver setup: ignoring JPA class transformer
2025-09-04T08:06:51.661-04:00  WARN 9422 --- [           main] org.hibernate.orm.deprecation            : HHH90000025: H2Dialect does not need to be specified explicitly using 'hibernate.dialect' (remove the property setting and it will be selected by default)
2025-09-04T08:06:52.296-04:00  INFO 9422 --- [           main] o.h.e.t.j.p.i.JtaPlatformInitiator       : HHH000489: No JTA platform available (set 'hibernate.transaction.jta.platform' to enable JTA platform integration)
Hibernate: 
    drop table if exists habit_entries cascade 
Hibernate: 
    drop table if exists habits cascade 
Hibernate: 
    create table habit_entries (
        completed boolean not null,
        date date not null,
        created_at timestamp(6) not null,
        habit_id bigint not null,
        id bigint generated by default as identity,
        updated_at timestamp(6) not null,
        notes varchar(500),
        primary key (id)
    )
Hibernate: 
    create table habits (
        active boolean not null,
        start_date date not null,
        created_at timestamp(6) not null,
        id bigint generated by default as identity,
        updated_at timestamp(6) not null,
        description varchar(500),
        frequency varchar(255) check (frequency in ('DAILY','WEEKLY','MONTHLY')),
        name varchar(255) not null,
        user_id varchar(255) not null,
        primary key (id)
    )
Hibernate: 
    alter table if exists habit_entries 
       add constraint FKqyogm6s0qci12sn22gn7bwwuq 
       foreign key (habit_id) 
       references habits
2025-09-04T08:06:52.338-04:00  INFO 9422 --- [           main] j.LocalContainerEntityManagerFactoryBean : Initialized JPA EntityManagerFactory for persistence unit 'default'
2025-09-04T08:06:52.582-04:00  INFO 9422 --- [           main] o.s.d.j.r.query.QueryEnhancerFactory     : Hibernate is in classpath; If applicable, HQL parser will be used.
2025-09-04T08:06:52.962-04:00  WARN 9422 --- [           main] JpaBaseConfiguration$JpaWebConfiguration : spring.jpa.open-in-view is enabled by default. Therefore, database queries may be performed during view rendering. Explicitly configure spring.jpa.open-in-view to disable this warning
2025-09-04T08:06:52.974-04:00 DEBUG 9422 --- [           main] swordEncoderAuthenticationManagerBuilder : No authenticationProviders and no parentAuthenticationManager defined. Returning null.
2025-09-04T08:06:53.180-04:00  INFO 9422 --- [           main] o.s.s.web.DefaultSecurityFilterChain     : Will secure any request with [org.springframework.security.web.session.DisableEncodeUrlFilter@2b39e77d, org.springframework.security.web.context.request.async.WebAsyncManagerIntegrationFilter@201c1d99, org.springframework.security.web.context.SecurityContextHolderFilter@46ebd87a, org.springframework.security.web.header.HeaderWriterFilter@414d5660, org.springframework.web.filter.CorsFilter@36afd06f, org.springframework.security.web.authentication.logout.LogoutFilter@74061ced, com.habitscanner.habitscanner.filter.TokenAuthenticationFilter@461c3709, org.springframework.security.web.savedrequest.RequestCacheAwareFilter@30be77cd, org.springframework.security.web.servletapi.SecurityContextHolderAwareRequestFilter@71c9c7f3, org.springframework.security.web.authentication.AnonymousAuthenticationFilter@18dda2e1, org.springframework.security.web.access.ExceptionTranslationFilter@3b67c637, org.springframework.security.web.access.intercept.AuthorizationFilter@29244152]
2025-09-04T08:06:53.342-04:00  INFO 9422 --- [           main] o.s.b.w.embedded.tomcat.TomcatWebServer  : Tomcat started on port 8080 (http) with context path ''
2025-09-04T08:06:53.350-04:00  INFO 9422 --- [           main] c.h.h.HabitscannerApplication            : Started HabitscannerApplication in 3.586 seconds (process running for 3.839)
2025-09-04T08:08:16.404-04:00  INFO 9422 --- [0.0-8080-exec-1] o.a.c.c.C.[Tomcat].[localhost].[/]       : Initializing Spring DispatcherServlet 'dispatcherServlet'
2025-09-04T08:08:16.404-04:00  INFO 9422 --- [0.0-8080-exec-1] o.s.web.servlet.DispatcherServlet        : Initializing Servlet 'dispatcherServlet'
2025-09-04T08:08:16.406-04:00  INFO 9422 --- [0.0-8080-exec-1] o.s.web.servlet.DispatcherServlet        : Completed initialization in 2 ms
2025-09-04T08:08:16.411-04:00 DEBUG 9422 --- [0.0-8080-exec-1] o.s.security.web.FilterChainProxy        : Securing POST /api/auth/validate
2025-09-04T08:08:16.419-04:00  WARN 9422 --- [0.0-8080-exec-1] o.s.w.s.h.HandlerMappingIntrospector     : Cache miss for REQUEST dispatch to '/api/auth/validate' (previous null). Performing MatchableHandlerMapping lookup. This is logged once only at WARN level, and every time at TRACE.
2025-09-04T08:08:16.426-04:00 DEBUG 9422 --- [0.0-8080-exec-1] o.s.security.web.FilterChainProxy        : Secured POST /api/auth/validate
2025-09-04T08:08:16.742-04:00 DEBUG 9422 --- [0.0-8080-exec-1] o.s.s.w.a.AnonymousAuthenticationFilter  : Set SecurityContextHolder to anonymous SecurityContext
